{"name":"dbManifest","hostname":"DESKTOP-RLKO33H","pid":4392,"level":50,"msg":"Directory doesn't exists !","time":"2016-03-11T18:11:34.424Z","v":0}
{"name":"dbManifest","hostname":"DESKTOP-RLKO33H","pid":6992,"level":50,"msg":"Directory doesn't exists !","time":"2016-03-11T18:13:42.596Z","v":0}
{"name":"dbManifest","hostname":"DESKTOP-RLKO33H","pid":4048,"level":50,"msg":"Directory doesn't exists !","time":"2016-03-11T18:16:13.469Z","v":0}
{"name":"dbManifest","hostname":"DESKTOP-RLKO33H","pid":4884,"level":50,"msg":"ENOENT: no such file or directory, stat 'C:\\Uers\\Fedora\\Documents\\Developpement\\projet_industriel\\manifests'","time":"2016-03-11T18:20:50.978Z","v":0}
{"name":"dbManifest","hostname":"DESKTOP-RLKO33H","pid":7120,"level":50,"msg":"ENOENT: no such file or directory, stat 'C:\\Users\\Fedora\\Documents\\Developpement\\projet_industriel\\app\\basicSchedule-7fdca638.xml'","time":"2016-03-11T18:35:34.302Z","v":0}
{"name":"dbManifest","hostname":"DESKTOP-RLKO33H","pid":7120,"level":50,"msg":"ENOENT: no such file or directory, stat 'C:\\Users\\Fedora\\Documents\\Developpement\\projet_industriel\\app\\control-808b7db3.xml'","time":"2016-03-11T18:35:34.303Z","v":0}
{"name":"dbManifest","hostname":"DESKTOP-RLKO33H","pid":7120,"level":50,"msg":"ENOENT: no such file or directory, stat 'C:\\Users\\Fedora\\Documents\\Developpement\\projet_industriel\\app\\datetime-3a280dce.xml'","time":"2016-03-11T18:35:34.303Z","v":0}
{"name":"dbManifest","hostname":"DESKTOP-RLKO33H","pid":7120,"level":50,"msg":"ENOENT: no such file or directory, stat 'C:\\Users\\Fedora\\Documents\\Developpement\\projet_industriel\\app\\datetimeStd-fc5628d7.xml'","time":"2016-03-11T18:35:34.304Z","v":0}
{"name":"dbManifest","hostname":"DESKTOP-RLKO33H","pid":7120,"level":50,"msg":"ENOENT: no such file or directory, stat 'C:\\Users\\Fedora\\Documents\\Developpement\\projet_industriel\\app\\driver-b4cc82ce.xml'","time":"2016-03-11T18:35:34.304Z","v":0}
{"name":"dbManifest","hostname":"DESKTOP-RLKO33H","pid":7120,"level":50,"msg":"ENOENT: no such file or directory, stat 'C:\\Users\\Fedora\\Documents\\Developpement\\projet_industriel\\app\\func-821b7396.xml'","time":"2016-03-11T18:35:34.304Z","v":0}
{"name":"dbManifest","hostname":"DESKTOP-RLKO33H","pid":7120,"level":50,"msg":"ENOENT: no such file or directory, stat 'C:\\Users\\Fedora\\Documents\\Developpement\\projet_industriel\\app\\hvac-7264c67c.xml'","time":"2016-03-11T18:35:34.304Z","v":0}
{"name":"dbManifest","hostname":"DESKTOP-RLKO33H","pid":7120,"level":50,"msg":"ENOENT: no such file or directory, stat 'C:\\Users\\Fedora\\Documents\\Developpement\\projet_industriel\\app\\inet-25648ba7.xml'","time":"2016-03-11T18:35:34.304Z","v":0}
{"name":"dbManifest","hostname":"DESKTOP-RLKO33H","pid":7120,"level":50,"msg":"ENOENT: no such file or directory, stat 'C:\\Users\\Fedora\\Documents\\Developpement\\projet_industriel\\app\\logic-9fe95ce1.xml'","time":"2016-03-11T18:35:34.305Z","v":0}
{"name":"dbManifest","hostname":"DESKTOP-RLKO33H","pid":7120,"level":50,"msg":"ENOENT: no such file or directory, stat 'C:\\Users\\Fedora\\Documents\\Developpement\\projet_industriel\\app\\logManager-da7714f6.xml'","time":"2016-03-11T18:35:34.305Z","v":0}
{"name":"dbManifest","hostname":"DESKTOP-RLKO33H","pid":7120,"level":50,"msg":"ENOENT: no such file or directory, stat 'C:\\Users\\Fedora\\Documents\\Developpement\\projet_industriel\\app\\math-c22b255c.xml'","time":"2016-03-11T18:35:34.305Z","v":0}
{"name":"dbManifest","hostname":"DESKTOP-RLKO33H","pid":7120,"level":50,"msg":"ENOENT: no such file or directory, stat 'C:\\Users\\Fedora\\Documents\\Developpement\\projet_industriel\\app\\platUnix-751711ab.xml'","time":"2016-03-11T18:35:34.305Z","v":0}
{"name":"dbManifest","hostname":"DESKTOP-RLKO33H","pid":7120,"level":50,"msg":"ENOENT: no such file or directory, stat 'C:\\Users\\Fedora\\Documents\\Developpement\\projet_industriel\\app\\platWin32-3746c8c1.xml'","time":"2016-03-11T18:35:34.305Z","v":0}
{"name":"dbManifest","hostname":"DESKTOP-RLKO33H","pid":7120,"level":50,"msg":"ENOENT: no such file or directory, stat 'C:\\Users\\Fedora\\Documents\\Developpement\\projet_industriel\\app\\pricomp-b5cd6698.xml'","time":"2016-03-11T18:35:34.305Z","v":0}
{"name":"dbManifest","hostname":"DESKTOP-RLKO33H","pid":7120,"level":50,"msg":"ENOENT: no such file or directory, stat 'C:\\Users\\Fedora\\Documents\\Developpement\\projet_industriel\\app\\pstore-7ea2cb06.xml'","time":"2016-03-11T18:35:34.305Z","v":0}
{"name":"dbManifest","hostname":"DESKTOP-RLKO33H","pid":7120,"level":50,"msg":"ENOENT: no such file or directory, stat 'C:\\Users\\Fedora\\Documents\\Developpement\\projet_industriel\\app\\rpiDigitalIo-b1afa98d.xml'","time":"2016-03-11T18:35:34.305Z","v":0}
{"name":"dbManifest","hostname":"DESKTOP-RLKO33H","pid":7120,"level":50,"msg":"ENOENT: no such file or directory, stat 'C:\\Users\\Fedora\\Documents\\Developpement\\projet_industriel\\app\\serial-87314b6e.xml'","time":"2016-03-11T18:35:34.306Z","v":0}
{"name":"dbManifest","hostname":"DESKTOP-RLKO33H","pid":7120,"level":50,"msg":"ENOENT: no such file or directory, stat 'C:\\Users\\Fedora\\Documents\\Developpement\\projet_industriel\\app\\sox-397a84dd.xml'","time":"2016-03-11T18:35:34.306Z","v":0}
{"name":"dbManifest","hostname":"DESKTOP-RLKO33H","pid":7120,"level":50,"msg":"ENOENT: no such file or directory, stat 'C:\\Users\\Fedora\\Documents\\Developpement\\projet_industriel\\app\\soxcert-69ef332c.xml'","time":"2016-03-11T18:35:34.307Z","v":0}
{"name":"dbManifest","hostname":"DESKTOP-RLKO33H","pid":7120,"level":50,"msg":"ENOENT: no such file or directory, stat 'C:\\Users\\Fedora\\Documents\\Developpement\\projet_industriel\\app\\sys-d3984c51.xml'","time":"2016-03-11T18:35:34.307Z","v":0}
{"name":"dbManifest","hostname":"DESKTOP-RLKO33H","pid":7120,"level":50,"msg":"ENOENT: no such file or directory, stat 'C:\\Users\\Fedora\\Documents\\Developpement\\projet_industriel\\app\\timing-aeaac82a.xml'","time":"2016-03-11T18:35:34.308Z","v":0}
{"name":"dbManifest","hostname":"DESKTOP-RLKO33H","pid":7120,"level":50,"msg":"ENOENT: no such file or directory, stat 'C:\\Users\\Fedora\\Documents\\Developpement\\projet_industriel\\app\\types-10936551.xml'","time":"2016-03-11T18:35:34.308Z","v":0}
{"name":"dbManifest","hostname":"DESKTOP-RLKO33H","pid":7120,"level":50,"msg":"ENOENT: no such file or directory, stat 'C:\\Users\\Fedora\\Documents\\Developpement\\projet_industriel\\app\\web-0462d43e.xml'","time":"2016-03-11T18:35:34.308Z","v":0}
{"name":"dbManifest","hostname":"DESKTOP-RLKO33H","pid":2016,"level":50,"msg":"ENOENT: no such file or directory, stat 'C:\\Users\\Fedora\\Documents\\Developpement\\projet_industriel\\app\\basicSchedule-7fdca638.xml'","time":"2016-03-11T18:36:07.702Z","v":0}
{"name":"dbManifest","hostname":"DESKTOP-RLKO33H","pid":2016,"level":50,"msg":"ENOENT: no such file or directory, stat 'C:\\Users\\Fedora\\Documents\\Developpement\\projet_industriel\\app\\control-808b7db3.xml'","time":"2016-03-11T18:36:07.702Z","v":0}
{"name":"dbManifest","hostname":"DESKTOP-RLKO33H","pid":2016,"level":50,"msg":"ENOENT: no such file or directory, stat 'C:\\Users\\Fedora\\Documents\\Developpement\\projet_industriel\\app\\datetime-3a280dce.xml'","time":"2016-03-11T18:36:07.703Z","v":0}
{"name":"dbManifest","hostname":"DESKTOP-RLKO33H","pid":2016,"level":50,"msg":"ENOENT: no such file or directory, stat 'C:\\Users\\Fedora\\Documents\\Developpement\\projet_industriel\\app\\datetimeStd-fc5628d7.xml'","time":"2016-03-11T18:36:07.703Z","v":0}
{"name":"dbManifest","hostname":"DESKTOP-RLKO33H","pid":2016,"level":50,"msg":"ENOENT: no such file or directory, stat 'C:\\Users\\Fedora\\Documents\\Developpement\\projet_industriel\\app\\driver-b4cc82ce.xml'","time":"2016-03-11T18:36:07.703Z","v":0}
{"name":"dbManifest","hostname":"DESKTOP-RLKO33H","pid":2016,"level":50,"msg":"ENOENT: no such file or directory, stat 'C:\\Users\\Fedora\\Documents\\Developpement\\projet_industriel\\app\\func-821b7396.xml'","time":"2016-03-11T18:36:07.704Z","v":0}
{"name":"dbManifest","hostname":"DESKTOP-RLKO33H","pid":2016,"level":50,"msg":"ENOENT: no such file or directory, stat 'C:\\Users\\Fedora\\Documents\\Developpement\\projet_industriel\\app\\hvac-7264c67c.xml'","time":"2016-03-11T18:36:07.704Z","v":0}
{"name":"dbManifest","hostname":"DESKTOP-RLKO33H","pid":2016,"level":50,"msg":"ENOENT: no such file or directory, stat 'C:\\Users\\Fedora\\Documents\\Developpement\\projet_industriel\\app\\inet-25648ba7.xml'","time":"2016-03-11T18:36:07.704Z","v":0}
{"name":"dbManifest","hostname":"DESKTOP-RLKO33H","pid":2016,"level":50,"msg":"ENOENT: no such file or directory, stat 'C:\\Users\\Fedora\\Documents\\Developpement\\projet_industriel\\app\\logic-9fe95ce1.xml'","time":"2016-03-11T18:36:07.704Z","v":0}
{"name":"dbManifest","hostname":"DESKTOP-RLKO33H","pid":2016,"level":50,"msg":"ENOENT: no such file or directory, stat 'C:\\Users\\Fedora\\Documents\\Developpement\\projet_industriel\\app\\logManager-da7714f6.xml'","time":"2016-03-11T18:36:07.704Z","v":0}
{"name":"dbManifest","hostname":"DESKTOP-RLKO33H","pid":2016,"level":50,"msg":"ENOENT: no such file or directory, stat 'C:\\Users\\Fedora\\Documents\\Developpement\\projet_industriel\\app\\math-c22b255c.xml'","time":"2016-03-11T18:36:07.705Z","v":0}
{"name":"dbManifest","hostname":"DESKTOP-RLKO33H","pid":2016,"level":50,"msg":"ENOENT: no such file or directory, stat 'C:\\Users\\Fedora\\Documents\\Developpement\\projet_industriel\\app\\platUnix-751711ab.xml'","time":"2016-03-11T18:36:07.705Z","v":0}
{"name":"dbManifest","hostname":"DESKTOP-RLKO33H","pid":2016,"level":50,"msg":"ENOENT: no such file or directory, stat 'C:\\Users\\Fedora\\Documents\\Developpement\\projet_industriel\\app\\platWin32-3746c8c1.xml'","time":"2016-03-11T18:36:07.705Z","v":0}
{"name":"dbManifest","hostname":"DESKTOP-RLKO33H","pid":2016,"level":50,"msg":"ENOENT: no such file or directory, stat 'C:\\Users\\Fedora\\Documents\\Developpement\\projet_industriel\\app\\pricomp-b5cd6698.xml'","time":"2016-03-11T18:36:07.705Z","v":0}
{"name":"dbManifest","hostname":"DESKTOP-RLKO33H","pid":2016,"level":50,"msg":"ENOENT: no such file or directory, stat 'C:\\Users\\Fedora\\Documents\\Developpement\\projet_industriel\\app\\pstore-7ea2cb06.xml'","time":"2016-03-11T18:36:07.705Z","v":0}
{"name":"dbManifest","hostname":"DESKTOP-RLKO33H","pid":2016,"level":50,"msg":"ENOENT: no such file or directory, stat 'C:\\Users\\Fedora\\Documents\\Developpement\\projet_industriel\\app\\rpiDigitalIo-b1afa98d.xml'","time":"2016-03-11T18:36:07.706Z","v":0}
{"name":"dbManifest","hostname":"DESKTOP-RLKO33H","pid":2016,"level":50,"msg":"ENOENT: no such file or directory, stat 'C:\\Users\\Fedora\\Documents\\Developpement\\projet_industriel\\app\\serial-87314b6e.xml'","time":"2016-03-11T18:36:07.706Z","v":0}
{"name":"dbManifest","hostname":"DESKTOP-RLKO33H","pid":2016,"level":50,"msg":"ENOENT: no such file or directory, stat 'C:\\Users\\Fedora\\Documents\\Developpement\\projet_industriel\\app\\sox-397a84dd.xml'","time":"2016-03-11T18:36:07.706Z","v":0}
{"name":"dbManifest","hostname":"DESKTOP-RLKO33H","pid":2016,"level":50,"msg":"ENOENT: no such file or directory, stat 'C:\\Users\\Fedora\\Documents\\Developpement\\projet_industriel\\app\\soxcert-69ef332c.xml'","time":"2016-03-11T18:36:07.706Z","v":0}
{"name":"dbManifest","hostname":"DESKTOP-RLKO33H","pid":2016,"level":50,"msg":"ENOENT: no such file or directory, stat 'C:\\Users\\Fedora\\Documents\\Developpement\\projet_industriel\\app\\sys-d3984c51.xml'","time":"2016-03-11T18:36:07.707Z","v":0}
{"name":"dbManifest","hostname":"DESKTOP-RLKO33H","pid":2016,"level":50,"msg":"ENOENT: no such file or directory, stat 'C:\\Users\\Fedora\\Documents\\Developpement\\projet_industriel\\app\\timing-aeaac82a.xml'","time":"2016-03-11T18:36:07.707Z","v":0}
{"name":"dbManifest","hostname":"DESKTOP-RLKO33H","pid":2016,"level":50,"msg":"ENOENT: no such file or directory, stat 'C:\\Users\\Fedora\\Documents\\Developpement\\projet_industriel\\app\\types-10936551.xml'","time":"2016-03-11T18:36:07.714Z","v":0}
{"name":"dbManifest","hostname":"DESKTOP-RLKO33H","pid":2016,"level":50,"msg":"ENOENT: no such file or directory, stat 'C:\\Users\\Fedora\\Documents\\Developpement\\projet_industriel\\app\\web-0462d43e.xml'","time":"2016-03-11T18:36:07.714Z","v":0}
